2019-03-30 0:52:22 - PHP Notice:  Undefined variable: oct_luxury_foot_1stline in /home/ko4evrin/domains/verne.test/public_html/catalog/view/theme/oct_luxury/template/common/footer.tpl on line 7
2019-03-30 0:52:22 - PHP Notice:  Undefined variable: oct_luxury_foot_2ndline in /home/ko4evrin/domains/verne.test/public_html/catalog/view/theme/oct_luxury/template/common/footer.tpl on line 69
2019-03-30 0:52:22 - PHP Notice:  Undefined variable: oct_luxury_foot_3dline in /home/ko4evrin/domains/verne.test/public_html/catalog/view/theme/oct_luxury/template/common/footer.tpl on line 152
2019-03-30 0:52:22 - PHP Notice:  Undefined variable: oct_search_cat in /home/ko4evrin/domains/verne.test/public_html/catalog/view/theme/oct_luxury/template/common/search.tpl on line 4
2019-03-30 0:52:22 - PHP Notice:  Undefined variable: oct_search_cat in /home/ko4evrin/domains/verne.test/public_html/catalog/view/theme/oct_luxury/template/common/search.tpl on line 7
2019-03-30 0:52:22 - PHP Notice:  Undefined variable: search_octcat in /home/ko4evrin/domains/verne.test/public_html/catalog/view/theme/oct_luxury/template/common/search.tpl on line 8
2019-03-30 0:52:22 - PHP Warning:  Invalid argument supplied for foreach() in /home/ko4evrin/domains/verne.test/public_html/catalog/view/theme/oct_luxury/template/common/search.tpl on line 8
2019-03-30 0:52:22 - PHP Notice:  Undefined variable: text_cart_heading in /home/ko4evrin/domains/verne.test/public_html/catalog/view/theme/oct_luxury/template/common/cart.tpl on line 12
2019-03-30 1:42:52 - PHP Unknown:  The each() function is deprecated. This message will be suppressed on further calls in /home/ko4evrin/domains/verne.test/public_html/system/storage/modification/catalog/view/theme/oct_luxury/template/common/header.tpl on line 756
2019-03-30 1:43:06 - PHP Unknown:  The each() function is deprecated. This message will be suppressed on further calls in /home/ko4evrin/domains/verne.test/public_html/system/storage/modification/catalog/view/theme/oct_luxury/template/common/header.tpl on line 756
2019-04-05 20:38:37 - PHP Warning:  unlink(/home/ko4evrin/domains/verne.test/public_html/system/storage/cache/cache.product.seopath.1554489517): No such file or directory in /home/ko4evrin/domains/verne.test/public_html/system/library/cache/file.php on line 68
2019-04-10 12:14:56 - PHP Warning:  unlink(/home/ko4evrin/domains/verne.test/public_html/system/storage/cache/cache.product.seopath.1554891296): No such file or directory in /home/ko4evrin/domains/verne.test/public_html/system/library/cache/file.php on line 68
2019-04-10 17:42:56 - PHP Warning:  unlink(/home/ko4evrin/domains/verne.test/public_html/system/storage/cache/cache.category.seopath.1554910976): No such file or directory in /home/ko4evrin/domains/verne.test/public_html/system/library/cache/file.php on line 68
2019-04-10 17:42:56 - PHP Warning:  unlink(/home/ko4evrin/domains/verne.test/public_html/system/storage/cache/cache.category.seopath.1554910976): No such file or directory in /home/ko4evrin/domains/verne.test/public_html/system/library/cache/file.php on line 68
2019-04-10 17:42:56 - PHP Warning:  unlink(/home/ko4evrin/domains/verne.test/public_html/system/storage/cache/cache.category.seopath.1554910976): No such file or directory in /home/ko4evrin/domains/verne.test/public_html/system/library/cache/file.php on line 68
2019-04-10 17:42:56 - PHP Warning:  unlink(/home/ko4evrin/domains/verne.test/public_html/system/storage/cache/cache.category.seopath.1554910976): No such file or directory in /home/ko4evrin/domains/verne.test/public_html/system/library/cache/file.php on line 68
2019-04-13 19:36:20 - PHP Notice:  Undefined index: title in /home/ko4evrin/domains/verne.test/public_html/catalog/controller/extension/module/oct_popup_purchase.php on line 298
2019-04-15 5:11:07 - PHP Warning:  Cannot modify header information - headers already sent by (output started at /home/ko4evrin/domains/verne.test/public_html/system/library/cache/file.php:17) in /home/ko4evrin/domains/verne.test/public_html/system/storage/modification/catalog/controller/startup/seo_pro.php on line 856
2019-04-15 5:11:07 - PHP Warning:  Cannot modify header information - headers already sent by (output started at /home/ko4evrin/domains/verne.test/public_html/system/library/cache/file.php:17) in /home/ko4evrin/domains/verne.test/public_html/system/library/response.php on line 12
2019-04-16 9:17:32 - PHP Warning:  unlink(/home/ko4evrin/domains/verne.test/public_html/system/storage/cache/cache.category.seopath.1555399052): No such file or directory in /home/ko4evrin/domains/verne.test/public_html/system/library/cache/file.php on line 68
2019-04-16 9:17:32 - PHP Warning:  unlink(/home/ko4evrin/domains/verne.test/public_html/system/storage/cache/cache.category.seopath.1555399052): No such file or directory in /home/ko4evrin/domains/verne.test/public_html/system/library/cache/file.php on line 68
2019-04-16 9:17:32 - PHP Warning:  unlink(/home/ko4evrin/domains/verne.test/public_html/system/storage/cache/cache.category.seopath.1555399052): No such file or directory in /home/ko4evrin/domains/verne.test/public_html/system/library/cache/file.php on line 68
2019-04-16 9:17:32 - PHP Warning:  unlink(/home/ko4evrin/domains/verne.test/public_html/system/storage/cache/cache.product.seopath.1555399052): No such file or directory in /home/ko4evrin/domains/verne.test/public_html/system/library/cache/file.php on line 68
2019-04-16 9:17:32 - PHP Warning:  unlink(/home/ko4evrin/domains/verne.test/public_html/system/storage/cache/cache.product.seopath.1555399052): No such file or directory in /home/ko4evrin/domains/verne.test/public_html/system/library/cache/file.php on line 68
2019-04-16 9:17:32 - PHP Warning:  unlink(/home/ko4evrin/domains/verne.test/public_html/system/storage/cache/cache.product.seopath.1555399052): No such file or directory in /home/ko4evrin/domains/verne.test/public_html/system/library/cache/file.php on line 68
2019-04-16 9:17:32 - PHP Warning:  unlink(/home/ko4evrin/domains/verne.test/public_html/system/storage/cache/cache.product.seopath.1555399052): No such file or directory in /home/ko4evrin/domains/verne.test/public_html/system/library/cache/file.php on line 68
2019-04-16 9:17:32 - PHP Warning:  unlink(/home/ko4evrin/domains/verne.test/public_html/system/storage/cache/cache.product.seopath.1555399052): No such file or directory in /home/ko4evrin/domains/verne.test/public_html/system/library/cache/file.php on line 68
2019-04-16 9:17:32 - PHP Warning:  unlink(/home/ko4evrin/domains/verne.test/public_html/system/storage/cache/cache.product.seopath.1555399052): No such file or directory in /home/ko4evrin/domains/verne.test/public_html/system/library/cache/file.php on line 68
2019-04-16 9:17:32 - PHP Warning:  unlink(/home/ko4evrin/domains/verne.test/public_html/system/storage/cache/cache.category.seopath.1555399052): No such file or directory in /home/ko4evrin/domains/verne.test/public_html/system/library/cache/file.php on line 68
2019-04-16 9:17:32 - PHP Warning:  unlink(/home/ko4evrin/domains/verne.test/public_html/system/storage/cache/cache.category.seopath.1555399052): No such file or directory in /home/ko4evrin/domains/verne.test/public_html/system/library/cache/file.php on line 68
2019-04-25 13:04:03 - PHP Notice:  Trying to get property of non-object in /home/ko4evrin/domains/verne.test/public_html/admin/controller/extension/modification.php on line 146
2019-04-25 13:04:45 - PHP Notice:  Trying to get property of non-object in /home/ko4evrin/domains/verne.test/public_html/admin/controller/extension/modification.php on line 146
2019-04-30 19:30:37 - PHP Notice:  Undefined index: option_id in /home/ko4evrin/domains/verne.test/public_html/system/storage/modification/catalog/controller/product/product.php on line 56
2019-04-30 19:30:37 - PHP Notice:  Undefined index: option_value_id in /home/ko4evrin/domains/verne.test/public_html/system/storage/modification/catalog/controller/product/product.php on line 56
2019-04-30 19:30:37 - PHP Notice:  Undefined index: option_id in /home/ko4evrin/domains/verne.test/public_html/system/storage/modification/catalog/controller/product/product.php on line 56
2019-04-30 19:30:37 - PHP Notice:  Undefined index: option_value_id in /home/ko4evrin/domains/verne.test/public_html/system/storage/modification/catalog/controller/product/product.php on line 56
2019-04-30 19:30:37 - PHP Notice:  Undefined index: option_id in /home/ko4evrin/domains/verne.test/public_html/system/storage/modification/catalog/controller/product/product.php on line 56
2019-04-30 19:30:37 - PHP Notice:  Undefined index: option_value_id in /home/ko4evrin/domains/verne.test/public_html/system/storage/modification/catalog/controller/product/product.php on line 56
2019-04-30 19:30:37 - PHP Notice:  Undefined index: option_id in /home/ko4evrin/domains/verne.test/public_html/system/storage/modification/catalog/controller/product/product.php on line 56
2019-04-30 19:30:37 - PHP Notice:  Undefined index: option_value_id in /home/ko4evrin/domains/verne.test/public_html/system/storage/modification/catalog/controller/product/product.php on line 56
2019-04-30 19:30:37 - PHP Notice:  Undefined index: option_id in /home/ko4evrin/domains/verne.test/public_html/system/storage/modification/catalog/controller/product/product.php on line 56
2019-04-30 19:30:37 - PHP Notice:  Undefined index: option_value_id in /home/ko4evrin/domains/verne.test/public_html/system/storage/modification/catalog/controller/product/product.php on line 56
2019-04-30 19:30:37 - PHP Notice:  Undefined index: option_id in /home/ko4evrin/domains/verne.test/public_html/system/storage/modification/catalog/controller/product/product.php on line 56
2019-04-30 19:30:37 - PHP Notice:  Undefined index: option_value_id in /home/ko4evrin/domains/verne.test/public_html/system/storage/modification/catalog/controller/product/product.php on line 56
2019-04-30 19:30:37 - PHP Notice:  Undefined index: option_id in /home/ko4evrin/domains/verne.test/public_html/system/storage/modification/catalog/controller/product/product.php on line 56
2019-04-30 19:30:37 - PHP Notice:  Undefined index: option_value_id in /home/ko4evrin/domains/verne.test/public_html/system/storage/modification/catalog/controller/product/product.php on line 56
2019-04-30 19:30:37 - PHP Notice:  Undefined index: option_id in /home/ko4evrin/domains/verne.test/public_html/system/storage/modification/catalog/controller/product/product.php on line 56
2019-04-30 19:30:37 - PHP Notice:  Undefined index: option_value_id in /home/ko4evrin/domains/verne.test/public_html/system/storage/modification/catalog/controller/product/product.php on line 56
2019-04-30 19:30:37 - PHP Notice:  Undefined index: option_id in /home/ko4evrin/domains/verne.test/public_html/system/storage/modification/catalog/controller/product/product.php on line 56
2019-04-30 19:30:37 - PHP Notice:  Undefined index: option_value_id in /home/ko4evrin/domains/verne.test/public_html/system/storage/modification/catalog/controller/product/product.php on line 56
2019-04-30 19:30:37 - PHP Notice:  Undefined index: option_id in /home/ko4evrin/domains/verne.test/public_html/system/storage/modification/catalog/controller/product/product.php on line 56
2019-04-30 19:30:37 - PHP Notice:  Undefined index: option_value_id in /home/ko4evrin/domains/verne.test/public_html/system/storage/modification/catalog/controller/product/product.php on line 56
2019-04-30 19:30:37 - PHP Notice:  Undefined index: option_id in /home/ko4evrin/domains/verne.test/public_html/system/storage/modification/catalog/controller/product/product.php on line 56
2019-04-30 19:30:37 - PHP Notice:  Undefined index: option_value_id in /home/ko4evrin/domains/verne.test/public_html/system/storage/modification/catalog/controller/product/product.php on line 56
2019-04-30 19:30:37 - PHP Notice:  Undefined index: option_id in /home/ko4evrin/domains/verne.test/public_html/system/storage/modification/catalog/controller/product/product.php on line 56
2019-04-30 19:30:37 - PHP Notice:  Undefined index: option_value_id in /home/ko4evrin/domains/verne.test/public_html/system/storage/modification/catalog/controller/product/product.php on line 56
2019-04-30 19:30:37 - PHP Notice:  Undefined index: option_id in /home/ko4evrin/domains/verne.test/public_html/system/storage/modification/catalog/controller/product/product.php on line 56
2019-04-30 19:30:37 - PHP Notice:  Undefined index: option_value_id in /home/ko4evrin/domains/verne.test/public_html/system/storage/modification/catalog/controller/product/product.php on line 56
2019-04-30 19:30:37 - PHP Notice:  Undefined index: option_id in /home/ko4evrin/domains/verne.test/public_html/system/storage/modification/catalog/controller/product/product.php on line 56
2019-04-30 19:30:37 - PHP Notice:  Undefined index: option_value_id in /home/ko4evrin/domains/verne.test/public_html/system/storage/modification/catalog/controller/product/product.php on line 56
2019-04-30 19:30:37 - PHP Notice:  Undefined index: option_id in /home/ko4evrin/domains/verne.test/public_html/system/storage/modification/catalog/controller/product/product.php on line 56
2019-04-30 19:30:37 - PHP Notice:  Undefined index: option_value_id in /home/ko4evrin/domains/verne.test/public_html/system/storage/modification/catalog/controller/product/product.php on line 56
2019-04-30 19:30:37 - PHP Notice:  Undefined index: option_id in /home/ko4evrin/domains/verne.test/public_html/system/storage/modification/catalog/controller/product/product.php on line 56
2019-04-30 19:30:37 - PHP Notice:  Undefined index: option_value_id in /home/ko4evrin/domains/verne.test/public_html/system/storage/modification/catalog/controller/product/product.php on line 56
2019-04-30 19:30:37 - PHP Notice:  Undefined index: option_id in /home/ko4evrin/domains/verne.test/public_html/system/storage/modification/catalog/controller/product/product.php on line 56
2019-04-30 19:30:37 - PHP Notice:  Undefined index: option_value_id in /home/ko4evrin/domains/verne.test/public_html/system/storage/modification/catalog/controller/product/product.php on line 56
2019-04-30 19:30:37 - PHP Notice:  Undefined index: option_id in /home/ko4evrin/domains/verne.test/public_html/system/storage/modification/catalog/controller/product/product.php on line 56
2019-04-30 19:30:37 - PHP Notice:  Undefined index: option_value_id in /home/ko4evrin/domains/verne.test/public_html/system/storage/modification/catalog/controller/product/product.php on line 56
2019-04-30 19:30:37 - PHP Notice:  Undefined index: option_id in /home/ko4evrin/domains/verne.test/public_html/system/storage/modification/catalog/controller/product/product.php on line 56
2019-04-30 19:30:37 - PHP Notice:  Undefined index: option_value_id in /home/ko4evrin/domains/verne.test/public_html/system/storage/modification/catalog/controller/product/product.php on line 56
2019-04-30 19:30:37 - PHP Notice:  Undefined index: option_id in /home/ko4evrin/domains/verne.test/public_html/system/storage/modification/catalog/controller/product/product.php on line 56
2019-04-30 19:30:37 - PHP Notice:  Undefined index: option_value_id in /home/ko4evrin/domains/verne.test/public_html/system/storage/modification/catalog/controller/product/product.php on line 56
2019-04-30 19:30:37 - PHP Notice:  Undefined index: option_id in /home/ko4evrin/domains/verne.test/public_html/system/storage/modification/catalog/controller/product/product.php on line 56
2019-04-30 19:30:37 - PHP Notice:  Undefined index: option_value_id in /home/ko4evrin/domains/verne.test/public_html/system/storage/modification/catalog/controller/product/product.php on line 56
2019-04-30 19:30:37 - PHP Notice:  Undefined index: option_id in /home/ko4evrin/domains/verne.test/public_html/system/storage/modification/catalog/controller/product/product.php on line 56
2019-04-30 19:30:37 - PHP Notice:  Undefined index: option_value_id in /home/ko4evrin/domains/verne.test/public_html/system/storage/modification/catalog/controller/product/product.php on line 56
2019-04-30 19:30:37 - PHP Notice:  Undefined index: option_id in /home/ko4evrin/domains/verne.test/public_html/system/storage/modification/catalog/controller/product/product.php on line 56
2019-04-30 19:30:37 - PHP Notice:  Undefined index: option_value_id in /home/ko4evrin/domains/verne.test/public_html/system/storage/modification/catalog/controller/product/product.php on line 56
2019-04-30 19:30:37 - PHP Notice:  Undefined index: option_id in /home/ko4evrin/domains/verne.test/public_html/system/storage/modification/catalog/controller/product/product.php on line 56
2019-04-30 19:30:37 - PHP Notice:  Undefined index: option_value_id in /home/ko4evrin/domains/verne.test/public_html/system/storage/modification/catalog/controller/product/product.php on line 56
2019-04-30 19:30:37 - PHP Notice:  Undefined index: option_id in /home/ko4evrin/domains/verne.test/public_html/system/storage/modification/catalog/controller/product/product.php on line 56
2019-04-30 19:30:37 - PHP Notice:  Undefined index: option_value_id in /home/ko4evrin/domains/verne.test/public_html/system/storage/modification/catalog/controller/product/product.php on line 56
2019-04-30 19:30:37 - PHP Notice:  Undefined index: option_id in /home/ko4evrin/domains/verne.test/public_html/system/storage/modification/catalog/controller/product/product.php on line 56
2019-04-30 19:30:37 - PHP Notice:  Undefined index: option_value_id in /home/ko4evrin/domains/verne.test/public_html/system/storage/modification/catalog/controller/product/product.php on line 56
2019-04-30 19:30:37 - PHP Notice:  Undefined index: option_id in /home/ko4evrin/domains/verne.test/public_html/system/storage/modification/catalog/controller/product/product.php on line 56
2019-04-30 19:30:37 - PHP Notice:  Undefined index: option_value_id in /home/ko4evrin/domains/verne.test/public_html/system/storage/modification/catalog/controller/product/product.php on line 56
2019-04-30 19:30:37 - PHP Notice:  Undefined index: option_id in /home/ko4evrin/domains/verne.test/public_html/system/storage/modification/catalog/controller/product/product.php on line 56
2019-04-30 19:30:37 - PHP Notice:  Undefined index: option_value_id in /home/ko4evrin/domains/verne.test/public_html/system/storage/modification/catalog/controller/product/product.php on line 56
2019-04-30 19:30:37 - PHP Notice:  Undefined index: option_id in /home/ko4evrin/domains/verne.test/public_html/system/storage/modification/catalog/controller/product/product.php on line 56
2019-04-30 19:30:37 - PHP Notice:  Undefined index: option_value_id in /home/ko4evrin/domains/verne.test/public_html/system/storage/modification/catalog/controller/product/product.php on line 56
2019-04-30 19:30:37 - PHP Notice:  Undefined index: option_id in /home/ko4evrin/domains/verne.test/public_html/system/storage/modification/catalog/controller/product/product.php on line 56
2019-04-30 19:30:37 - PHP Notice:  Undefined index: option_value_id in /home/ko4evrin/domains/verne.test/public_html/system/storage/modification/catalog/controller/product/product.php on line 56
2019-04-30 19:30:37 - PHP Notice:  Undefined index: option_id in /home/ko4evrin/domains/verne.test/public_html/system/storage/modification/catalog/controller/product/product.php on line 56
2019-04-30 19:30:37 - PHP Notice:  Undefined index: option_value_id in /home/ko4evrin/domains/verne.test/public_html/system/storage/modification/catalog/controller/product/product.php on line 56
2019-04-30 19:30:37 - PHP Notice:  Undefined index: option_id in /home/ko4evrin/domains/verne.test/public_html/system/storage/modification/catalog/controller/product/product.php on line 56
2019-04-30 19:30:37 - PHP Notice:  Undefined index: option_value_id in /home/ko4evrin/domains/verne.test/public_html/system/storage/modification/catalog/controller/product/product.php on line 56
2019-04-30 19:30:37 - PHP Notice:  Undefined index: option_id in /home/ko4evrin/domains/verne.test/public_html/system/storage/modification/catalog/controller/product/product.php on line 56
2019-04-30 19:30:37 - PHP Notice:  Undefined index: option_value_id in /home/ko4evrin/domains/verne.test/public_html/system/storage/modification/catalog/controller/product/product.php on line 56
2019-04-30 19:30:37 - PHP Notice:  Undefined index: option_id in /home/ko4evrin/domains/verne.test/public_html/system/storage/modification/catalog/controller/product/product.php on line 56
2019-04-30 19:30:37 - PHP Notice:  Undefined index: option_value_id in /home/ko4evrin/domains/verne.test/public_html/system/storage/modification/catalog/controller/product/product.php on line 56
2019-04-30 19:30:37 - PHP Notice:  Undefined index: option_id in /home/ko4evrin/domains/verne.test/public_html/system/storage/modification/catalog/controller/product/product.php on line 56
2019-04-30 19:30:37 - PHP Notice:  Undefined index: option_value_id in /home/ko4evrin/domains/verne.test/public_html/system/storage/modification/catalog/controller/product/product.php on line 56
2019-04-30 19:30:37 - PHP Notice:  Undefined index: option_id in /home/ko4evrin/domains/verne.test/public_html/system/storage/modification/catalog/controller/product/product.php on line 56
2019-04-30 19:30:37 - PHP Notice:  Undefined index: option_value_id in /home/ko4evrin/domains/verne.test/public_html/system/storage/modification/catalog/controller/product/product.php on line 56
2019-04-30 19:30:37 - PHP Notice:  Undefined index: option_id in /home/ko4evrin/domains/verne.test/public_html/system/storage/modification/catalog/controller/product/product.php on line 56
2019-04-30 19:30:37 - PHP Notice:  Undefined index: option_value_id in /home/ko4evrin/domains/verne.test/public_html/system/storage/modification/catalog/controller/product/product.php on line 56
2019-04-30 19:30:37 - PHP Notice:  Undefined index: option_id in /home/ko4evrin/domains/verne.test/public_html/system/storage/modification/catalog/controller/product/product.php on line 56
2019-04-30 19:30:37 - PHP Notice:  Undefined index: option_value_id in /home/ko4evrin/domains/verne.test/public_html/system/storage/modification/catalog/controller/product/product.php on line 56
2019-04-30 19:30:37 - PHP Notice:  Undefined index: option_id in /home/ko4evrin/domains/verne.test/public_html/system/storage/modification/catalog/controller/product/product.php on line 56
2019-04-30 19:30:37 - PHP Notice:  Undefined index: option_value_id in /home/ko4evrin/domains/verne.test/public_html/system/storage/modification/catalog/controller/product/product.php on line 56
2019-04-30 19:30:37 - PHP Notice:  Undefined index: option_id in /home/ko4evrin/domains/verne.test/public_html/system/storage/modification/catalog/controller/product/product.php on line 56
2019-04-30 19:30:37 - PHP Notice:  Undefined index: option_value_id in /home/ko4evrin/domains/verne.test/public_html/system/storage/modification/catalog/controller/product/product.php on line 56
2019-04-30 19:30:37 - PHP Notice:  Undefined index: option_id in /home/ko4evrin/domains/verne.test/public_html/system/storage/modification/catalog/controller/product/product.php on line 56
2019-04-30 19:30:37 - PHP Notice:  Undefined index: option_value_id in /home/ko4evrin/domains/verne.test/public_html/system/storage/modification/catalog/controller/product/product.php on line 56
2019-04-30 19:30:37 - PHP Notice:  Undefined index: option_id in /home/ko4evrin/domains/verne.test/public_html/system/storage/modification/catalog/controller/product/product.php on line 56
2019-04-30 19:30:37 - PHP Notice:  Undefined index: option_value_id in /home/ko4evrin/domains/verne.test/public_html/system/storage/modification/catalog/controller/product/product.php on line 56
2019-04-30 19:30:37 - PHP Notice:  Undefined index: option_id in /home/ko4evrin/domains/verne.test/public_html/system/storage/modification/catalog/controller/product/product.php on line 56
2019-04-30 19:30:37 - PHP Notice:  Undefined index: option_value_id in /home/ko4evrin/domains/verne.test/public_html/system/storage/modification/catalog/controller/product/product.php on line 56
2019-04-30 19:30:37 - PHP Notice:  Undefined index: option_id in /home/ko4evrin/domains/verne.test/public_html/system/storage/modification/catalog/controller/product/product.php on line 56
2019-04-30 19:30:37 - PHP Notice:  Undefined index: option_value_id in /home/ko4evrin/domains/verne.test/public_html/system/storage/modification/catalog/controller/product/product.php on line 56
2019-04-30 19:30:37 - PHP Notice:  Undefined index: option_id in /home/ko4evrin/domains/verne.test/public_html/system/storage/modification/catalog/controller/product/product.php on line 56
2019-04-30 19:30:37 - PHP Notice:  Undefined index: option_value_id in /home/ko4evrin/domains/verne.test/public_html/system/storage/modification/catalog/controller/product/product.php on line 56
2019-04-30 19:30:37 - PHP Notice:  Undefined index: option_id in /home/ko4evrin/domains/verne.test/public_html/system/storage/modification/catalog/controller/product/product.php on line 56
2019-04-30 19:30:37 - PHP Notice:  Undefined index: option_value_id in /home/ko4evrin/domains/verne.test/public_html/system/storage/modification/catalog/controller/product/product.php on line 56
2019-04-30 19:30:37 - PHP Notice:  Undefined index: option_id in /home/ko4evrin/domains/verne.test/public_html/system/storage/modification/catalog/controller/product/product.php on line 56
2019-04-30 19:30:37 - PHP Notice:  Undefined index: option_value_id in /home/ko4evrin/domains/verne.test/public_html/system/storage/modification/catalog/controller/product/product.php on line 56
2019-04-30 19:30:37 - PHP Notice:  Undefined index: option_id in /home/ko4evrin/domains/verne.test/public_html/system/storage/modification/catalog/controller/product/product.php on line 56
2019-04-30 19:30:37 - PHP Notice:  Undefined index: option_value_id in /home/ko4evrin/domains/verne.test/public_html/system/storage/modification/catalog/controller/product/product.php on line 56
2019-04-30 19:30:37 - PHP Notice:  Undefined index: option_id in /home/ko4evrin/domains/verne.test/public_html/system/storage/modification/catalog/controller/product/product.php on line 56
2019-04-30 19:30:37 - PHP Notice:  Undefined index: option_value_id in /home/ko4evrin/domains/verne.test/public_html/system/storage/modification/catalog/controller/product/product.php on line 56
2019-04-30 19:30:37 - PHP Notice:  Undefined index: option_id in /home/ko4evrin/domains/verne.test/public_html/system/storage/modification/catalog/controller/product/product.php on line 56
2019-04-30 19:30:37 - PHP Notice:  Undefined index: option_value_id in /home/ko4evrin/domains/verne.test/public_html/system/storage/modification/catalog/controller/product/product.php on line 56
2019-04-30 19:30:37 - PHP Notice:  Undefined index: option_id in /home/ko4evrin/domains/verne.test/public_html/system/storage/modification/catalog/controller/product/product.php on line 56
2019-04-30 19:30:37 - PHP Notice:  Undefined index: option_value_id in /home/ko4evrin/domains/verne.test/public_html/system/storage/modification/catalog/controller/product/product.php on line 56
2019-04-30 19:30:37 - PHP Notice:  Undefined index: option_id in /home/ko4evrin/domains/verne.test/public_html/system/storage/modification/catalog/controller/product/product.php on line 56
2019-04-30 19:30:37 - PHP Notice:  Undefined index: option_value_id in /home/ko4evrin/domains/verne.test/public_html/system/storage/modification/catalog/controller/product/product.php on line 56
2019-04-30 19:30:37 - PHP Notice:  Undefined index: option_id in /home/ko4evrin/domains/verne.test/public_html/system/storage/modification/catalog/controller/product/product.php on line 56
2019-04-30 19:30:37 - PHP Notice:  Undefined index: option_value_id in /home/ko4evrin/domains/verne.test/public_html/system/storage/modification/catalog/controller/product/product.php on line 56
2019-04-30 19:30:37 - PHP Notice:  Undefined index: option_id in /home/ko4evrin/domains/verne.test/public_html/system/storage/modification/catalog/controller/product/product.php on line 56
2019-04-30 19:30:37 - PHP Notice:  Undefined index: option_value_id in /home/ko4evrin/domains/verne.test/public_html/system/storage/modification/catalog/controller/product/product.php on line 56
2019-04-30 19:30:37 - PHP Notice:  Undefined index: option_id in /home/ko4evrin/domains/verne.test/public_html/system/storage/modification/catalog/controller/product/product.php on line 56
2019-04-30 19:30:37 - PHP Notice:  Undefined index: option_value_id in /home/ko4evrin/domains/verne.test/public_html/system/storage/modification/catalog/controller/product/product.php on line 56
2019-04-30 19:30:37 - PHP Notice:  Undefined index: option_id in /home/ko4evrin/domains/verne.test/public_html/system/storage/modification/catalog/controller/product/product.php on line 56
2019-04-30 19:30:37 - PHP Notice:  Undefined index: option_value_id in /home/ko4evrin/domains/verne.test/public_html/system/storage/modification/catalog/controller/product/product.php on line 56
2019-04-30 19:30:37 - PHP Notice:  Undefined index: option_id in /home/ko4evrin/domains/verne.test/public_html/system/storage/modification/catalog/controller/product/product.php on line 56
2019-04-30 19:30:37 - PHP Notice:  Undefined index: option_value_id in /home/ko4evrin/domains/verne.test/public_html/system/storage/modification/catalog/controller/product/product.php on line 56
2019-04-30 19:30:37 - PHP Notice:  Undefined index: option_id in /home/ko4evrin/domains/verne.test/public_html/system/storage/modification/catalog/controller/product/product.php on line 56
2019-04-30 19:30:37 - PHP Notice:  Undefined index: option_value_id in /home/ko4evrin/domains/verne.test/public_html/system/storage/modification/catalog/controller/product/product.php on line 56
2019-04-30 19:30:37 - PHP Notice:  Undefined index: option_id in /home/ko4evrin/domains/verne.test/public_html/system/storage/modification/catalog/controller/product/product.php on line 56
2019-04-30 19:30:37 - PHP Notice:  Undefined index: option_value_id in /home/ko4evrin/domains/verne.test/public_html/system/storage/modification/catalog/controller/product/product.php on line 56
2019-04-30 19:30:37 - PHP Notice:  Undefined index: option_id in /home/ko4evrin/domains/verne.test/public_html/system/storage/modification/catalog/controller/product/product.php on line 56
2019-04-30 19:30:37 - PHP Notice:  Undefined index: option_value_id in /home/ko4evrin/domains/verne.test/public_html/system/storage/modification/catalog/controller/product/product.php on line 56
2019-04-30 19:30:37 - PHP Notice:  Undefined index: option_id in /home/ko4evrin/domains/verne.test/public_html/system/storage/modification/catalog/controller/product/product.php on line 56
2019-04-30 19:30:37 - PHP Notice:  Undefined index: option_value_id in /home/ko4evrin/domains/verne.test/public_html/system/storage/modification/catalog/controller/product/product.php on line 56
2019-04-30 19:30:37 - PHP Notice:  Undefined index: option_id in /home/ko4evrin/domains/verne.test/public_html/system/storage/modification/catalog/controller/product/product.php on line 56
2019-04-30 19:30:37 - PHP Notice:  Undefined index: option_value_id in /home/ko4evrin/domains/verne.test/public_html/system/storage/modification/catalog/controller/product/product.php on line 56
2019-04-30 19:30:37 - PHP Notice:  Undefined index: option_id in /home/ko4evrin/domains/verne.test/public_html/system/storage/modification/catalog/controller/product/product.php on line 56
2019-04-30 19:30:37 - PHP Notice:  Undefined index: option_value_id in /home/ko4evrin/domains/verne.test/public_html/system/storage/modification/catalog/controller/product/product.php on line 56
2019-04-30 19:30:37 - PHP Notice:  Undefined index: option_id in /home/ko4evrin/domains/verne.test/public_html/system/storage/modification/catalog/controller/product/product.php on line 56
2019-04-30 19:30:37 - PHP Notice:  Undefined index: option_value_id in /home/ko4evrin/domains/verne.test/public_html/system/storage/modification/catalog/controller/product/product.php on line 56
2019-04-30 19:30:37 - PHP Notice:  Undefined index: option_id in /home/ko4evrin/domains/verne.test/public_html/system/storage/modification/catalog/controller/product/product.php on line 56
2019-04-30 19:30:37 - PHP Notice:  Undefined index: option_value_id in /home/ko4evrin/domains/verne.test/public_html/system/storage/modification/catalog/controller/product/product.php on line 56
2019-04-30 19:30:37 - PHP Notice:  Undefined index: option_id in /home/ko4evrin/domains/verne.test/public_html/system/storage/modification/catalog/controller/product/product.php on line 56
2019-04-30 19:30:37 - PHP Notice:  Undefined index: option_value_id in /home/ko4evrin/domains/verne.test/public_html/system/storage/modification/catalog/controller/product/product.php on line 56
2019-04-30 19:30:37 - PHP Notice:  Undefined index: option_id in /home/ko4evrin/domains/verne.test/public_html/system/storage/modification/catalog/controller/product/product.php on line 56
2019-04-30 19:30:37 - PHP Notice:  Undefined index: option_value_id in /home/ko4evrin/domains/verne.test/public_html/system/storage/modification/catalog/controller/product/product.php on line 56
2019-04-30 19:30:37 - PHP Notice:  Undefined index: option_id in /home/ko4evrin/domains/verne.test/public_html/system/storage/modification/catalog/controller/product/product.php on line 56
2019-04-30 19:30:37 - PHP Notice:  Undefined index: option_value_id in /home/ko4evrin/domains/verne.test/public_html/system/storage/modification/catalog/controller/product/product.php on line 56
2019-04-30 19:30:37 - PHP Notice:  Undefined index: option_id in /home/ko4evrin/domains/verne.test/public_html/system/storage/modification/catalog/controller/product/product.php on line 56
2019-04-30 19:30:37 - PHP Notice:  Undefined index: option_value_id in /home/ko4evrin/domains/verne.test/public_html/system/storage/modification/catalog/controller/product/product.php on line 56
2019-04-30 19:30:37 - PHP Notice:  Undefined index: option_id in /home/ko4evrin/domains/verne.test/public_html/system/storage/modification/catalog/controller/product/product.php on line 56
2019-04-30 19:30:37 - PHP Notice:  Undefined index: option_value_id in /home/ko4evrin/domains/verne.test/public_html/system/storage/modification/catalog/controller/product/product.php on line 56
2019-04-30 19:30:37 - PHP Notice:  Undefined index: option_id in /home/ko4evrin/domains/verne.test/public_html/system/storage/modification/catalog/controller/product/product.php on line 56
2019-04-30 19:30:37 - PHP Notice:  Undefined index: option_value_id in /home/ko4evrin/domains/verne.test/public_html/system/storage/modification/catalog/controller/product/product.php on line 56
2019-04-30 19:30:37 - PHP Notice:  Undefined index: option_id in /home/ko4evrin/domains/verne.test/public_html/system/storage/modification/catalog/controller/product/product.php on line 56
2019-04-30 19:30:37 - PHP Notice:  Undefined index: option_value_id in /home/ko4evrin/domains/verne.test/public_html/system/storage/modification/catalog/controller/product/product.php on line 56
2019-04-30 19:30:37 - PHP Notice:  Undefined index: option_id in /home/ko4evrin/domains/verne.test/public_html/system/storage/modification/catalog/controller/product/product.php on line 56
2019-04-30 19:30:37 - PHP Notice:  Undefined index: option_value_id in /home/ko4evrin/domains/verne.test/public_html/system/storage/modification/catalog/controller/product/product.php on line 56
2019-04-30 19:30:37 - PHP Notice:  Undefined index: option_id in /home/ko4evrin/domains/verne.test/public_html/system/storage/modification/catalog/controller/product/product.php on line 56
2019-04-30 19:30:37 - PHP Notice:  Undefined index: option_value_id in /home/ko4evrin/domains/verne.test/public_html/system/storage/modification/catalog/controller/product/product.php on line 56
2019-04-30 19:30:37 - PHP Notice:  Undefined index: option_id in /home/ko4evrin/domains/verne.test/public_html/system/storage/modification/catalog/controller/product/product.php on line 56
2019-04-30 19:30:37 - PHP Notice:  Undefined index: option_value_id in /home/ko4evrin/domains/verne.test/public_html/system/storage/modification/catalog/controller/product/product.php on line 56
2019-04-30 19:30:37 - PHP Notice:  Undefined index: option_id in /home/ko4evrin/domains/verne.test/public_html/system/storage/modification/catalog/controller/product/product.php on line 56
2019-04-30 19:30:37 - PHP Notice:  Undefined index: option_value_id in /home/ko4evrin/domains/verne.test/public_html/system/storage/modification/catalog/controller/product/product.php on line 56
2019-04-30 19:30:37 - PHP Notice:  Undefined index: option_id in /home/ko4evrin/domains/verne.test/public_html/system/storage/modification/catalog/controller/product/product.php on line 56
2019-04-30 19:30:37 - PHP Notice:  Undefined index: option_value_id in /home/ko4evrin/domains/verne.test/public_html/system/storage/modification/catalog/controller/product/product.php on line 56
2019-04-30 19:30:37 - PHP Notice:  Undefined index: option_id in /home/ko4evrin/domains/verne.test/public_html/system/storage/modification/catalog/controller/product/product.php on line 56
2019-04-30 19:30:37 - PHP Notice:  Undefined index: option_value_id in /home/ko4evrin/domains/verne.test/public_html/system/storage/modification/catalog/controller/product/product.php on line 56
2019-04-30 19:30:37 - PHP Notice:  Undefined index: option_id in /home/ko4evrin/domains/verne.test/public_html/system/storage/modification/catalog/controller/product/product.php on line 56
2019-04-30 19:30:37 - PHP Notice:  Undefined index: option_value_id in /home/ko4evrin/domains/verne.test/public_html/system/storage/modification/catalog/controller/product/product.php on line 56
2019-04-30 19:30:37 - PHP Notice:  Undefined index: option_id in /home/ko4evrin/domains/verne.test/public_html/system/storage/modification/catalog/controller/product/product.php on line 56
2019-04-30 19:30:37 - PHP Notice:  Undefined index: option_value_id in /home/ko4evrin/domains/verne.test/public_html/system/storage/modification/catalog/controller/product/product.php on line 56
2019-04-30 19:30:37 - PHP Notice:  Undefined index: option_id in /home/ko4evrin/domains/verne.test/public_html/system/storage/modification/catalog/controller/product/product.php on line 56
2019-04-30 19:30:37 - PHP Notice:  Undefined index: option_value_id in /home/ko4evrin/domains/verne.test/public_html/system/storage/modification/catalog/controller/product/product.php on line 56
2019-04-30 19:30:37 - PHP Notice:  Undefined index: option_id in /home/ko4evrin/domains/verne.test/public_html/system/storage/modification/catalog/controller/product/product.php on line 56
2019-04-30 19:30:37 - PHP Notice:  Undefined index: option_value_id in /home/ko4evrin/domains/verne.test/public_html/system/storage/modification/catalog/controller/product/product.php on line 56
2019-04-30 19:30:37 - PHP Notice:  Undefined index: option_id in /home/ko4evrin/domains/verne.test/public_html/system/storage/modification/catalog/controller/product/product.php on line 56
2019-04-30 19:30:37 - PHP Notice:  Undefined index: option_value_id in /home/ko4evrin/domains/verne.test/public_html/system/storage/modification/catalog/controller/product/product.php on line 56
2019-04-30 19:30:37 - PHP Notice:  Undefined index: option_id in /home/ko4evrin/domains/verne.test/public_html/system/storage/modification/catalog/controller/product/product.php on line 56
2019-04-30 19:30:37 - PHP Notice:  Undefined index: option_value_id in /home/ko4evrin/domains/verne.test/public_html/system/storage/modification/catalog/controller/product/product.php on line 56
2019-04-30 19:53:45 - PHP Notice:  Use of undefined constant breack - assumed 'breack' in /home/ko4evrin/domains/verne.test/public_html/system/storage/modification/catalog/controller/product/product.php on line 81
2019-04-30 20:14:46 - PHP Warning:  Illegal offset type in unset in /home/ko4evrin/domains/verne.test/public_html/system/storage/modification/catalog/controller/product/product.php on line 83
2019-04-30 20:14:46 - PHP Warning:  Illegal offset type in unset in /home/ko4evrin/domains/verne.test/public_html/system/storage/modification/catalog/controller/product/product.php on line 83
2019-04-30 20:14:46 - PHP Warning:  Illegal offset type in unset in /home/ko4evrin/domains/verne.test/public_html/system/storage/modification/catalog/controller/product/product.php on line 83
2019-04-30 20:14:46 - PHP Warning:  Illegal offset type in unset in /home/ko4evrin/domains/verne.test/public_html/system/storage/modification/catalog/controller/product/product.php on line 83
2019-04-30 20:14:46 - PHP Warning:  Illegal offset type in unset in /home/ko4evrin/domains/verne.test/public_html/system/storage/modification/catalog/controller/product/product.php on line 83
2019-04-30 20:14:46 - PHP Warning:  Illegal offset type in unset in /home/ko4evrin/domains/verne.test/public_html/system/storage/modification/catalog/controller/product/product.php on line 83
2019-04-30 20:14:46 - PHP Warning:  Illegal offset type in unset in /home/ko4evrin/domains/verne.test/public_html/system/storage/modification/catalog/controller/product/product.php on line 83
2019-04-30 20:14:46 - PHP Warning:  Illegal offset type in unset in /home/ko4evrin/domains/verne.test/public_html/system/storage/modification/catalog/controller/product/product.php on line 83
2019-04-30 20:14:46 - PHP Warning:  Illegal offset type in unset in /home/ko4evrin/domains/verne.test/public_html/system/storage/modification/catalog/controller/product/product.php on line 83
2019-04-30 20:14:46 - PHP Warning:  Illegal offset type in unset in /home/ko4evrin/domains/verne.test/public_html/system/storage/modification/catalog/controller/product/product.php on line 83
2019-04-30 20:14:46 - PHP Warning:  Illegal offset type in unset in /home/ko4evrin/domains/verne.test/public_html/system/storage/modification/catalog/controller/product/product.php on line 83
2019-04-30 20:14:46 - PHP Warning:  Illegal offset type in unset in /home/ko4evrin/domains/verne.test/public_html/system/storage/modification/catalog/controller/product/product.php on line 83
2019-04-30 20:14:46 - PHP Warning:  Illegal offset type in unset in /home/ko4evrin/domains/verne.test/public_html/system/storage/modification/catalog/controller/product/product.php on line 83
